
==============================================================================
                        Miniforge3 Environment Loaded
==============================================================================
  Activated environment: miniforge3-base
                                                                              
  NOTE: This is a custom minimal environment.
        We recommend creating your own conda environments for your
        projects.
                                                                              
  More info: https://scc.dipc.org/docs/programming/languages/python/
==============================================================================

--------------------------------------------------------------------------
A requested component was not found, or was unable to be opened.  This
means that this component is either not installed or is unable to be
used on your system (e.g., sometimes this means that shared libraries
that the component requires are unable to be found/loaded).  Note that
PMIx stopped checking at the first component that it did not find.

Host:      hyperion-019
Framework: psec
Component: munge
--------------------------------------------------------------------------
--------------------------------------------------------------------------
A requested component was not found, or was unable to be opened.  This
means that this component is either not installed or is unable to be
used on your system (e.g., sometimes this means that shared libraries
that the component requires are unable to be found/loaded).  Note that
PMIx stopped checking at the first component that it did not find.

Host:      hyperion-019
Framework: psec
Component: munge
--------------------------------------------------------------------------
--------------------------------------------------------------------------
A requested component was not found, or was unable to be opened.  This
means that this component is either not installed or is unable to be
used on your system (e.g., sometimes this means that shared libraries
that the component requires are unable to be found/loaded).  Note that
PMIx stopped checking at the first component that it did not find.

Host:      hyperion-019
Framework: psec
Component: munge
--------------------------------------------------------------------------
--------------------------------------------------------------------------
A requested component was not found, or was unable to be opened.  This
means that this component is either not installed or is unable to be
used on your system (e.g., sometimes this means that shared libraries
that the component requires are unable to be found/loaded).  Note that
PMIx stopped checking at the first component that it did not find.

Host:      hyperion-019
Framework: psec
Component: munge
--------------------------------------------------------------------------
--------------------------------------------------------------------------
A requested component was not found, or was unable to be opened.  This
means that this component is either not installed or is unable to be
used on your system (e.g., sometimes this means that shared libraries
that the component requires are unable to be found/loaded).  Note that
PMIx stopped checking at the first component that it did not find.

Host:      hyperion-020
Framework: psec
Component: munge
--------------------------------------------------------------------------
--------------------------------------------------------------------------
A requested component was not found, or was unable to be opened.  This
means that this component is either not installed or is unable to be
used on your system (e.g., sometimes this means that shared libraries
that the component requires are unable to be found/loaded).  Note that
PMIx stopped checking at the first component that it did not find.

Host:      hyperion-020
Framework: psec
Component: munge
--------------------------------------------------------------------------
--------------------------------------------------------------------------
A requested component was not found, or was unable to be opened.  This
means that this component is either not installed or is unable to be
used on your system (e.g., sometimes this means that shared libraries
that the component requires are unable to be found/loaded).  Note that
PMIx stopped checking at the first component that it did not find.

Host:      hyperion-020
Framework: psec
Component: munge
--------------------------------------------------------------------------
--------------------------------------------------------------------------
A requested component was not found, or was unable to be opened.  This
means that this component is either not installed or is unable to be
used on your system (e.g., sometimes this means that shared libraries
that the component requires are unable to be found/loaded).  Note that
PMIx stopped checking at the first component that it did not find.

Host:      hyperion-020
Framework: psec
Component: munge
--------------------------------------------------------------------------
--------------------------------------------------------------------------
A requested component was not found, or was unable to be opened.  This
means that this component is either not installed or is unable to be
used on your system (e.g., sometimes this means that shared libraries
that the component requires are unable to be found/loaded).  Note that
PMIx stopped checking at the first component that it did not find.

Host:      hyperion-020
Framework: psec
Component: munge
--------------------------------------------------------------------------
--------------------------------------------------------------------------
A requested component was not found, or was unable to be opened.  This
means that this component is either not installed or is unable to be
used on your system (e.g., sometimes this means that shared libraries
that the component requires are unable to be found/loaded).  Note that
PMIx stopped checking at the first component that it did not find.

Host:      hyperion-020
Framework: psec
Component: munge
--------------------------------------------------------------------------
--------------------------------------------------------------------------
A requested component was not found, or was unable to be opened.  This
means that this component is either not installed or is unable to be
used on your system (e.g., sometimes this means that shared libraries
that the component requires are unable to be found/loaded).  Note that
PMIx stopped checking at the first component that it did not find.

Host:      hyperion-020
Framework: psec
Component: munge
--------------------------------------------------------------------------
--------------------------------------------------------------------------
A requested component was not found, or was unable to be opened.  This
means that this component is either not installed or is unable to be
used on your system (e.g., sometimes this means that shared libraries
that the component requires are unable to be found/loaded).  Note that
PMIx stopped checking at the first component that it did not find.

Host:      hyperion-020
Framework: psec
Component: munge
--------------------------------------------------------------------------
--------------------------------------------------------------------------
A requested component was not found, or was unable to be opened.  This
means that this component is either not installed or is unable to be
used on your system (e.g., sometimes this means that shared libraries
that the component requires are unable to be found/loaded).  Note that
PMIx stopped checking at the first component that it did not find.

Host:      hyperion-020
Framework: psec
Component: munge
--------------------------------------------------------------------------
--------------------------------------------------------------------------
A requested component was not found, or was unable to be opened.  This
means that this component is either not installed or is unable to be
used on your system (e.g., sometimes this means that shared libraries
that the component requires are unable to be found/loaded).  Note that
PMIx stopped checking at the first component that it did not find.

Host:      hyperion-020
Framework: psec
Component: munge
--------------------------------------------------------------------------
--------------------------------------------------------------------------
A requested component was not found, or was unable to be opened.  This
means that this component is either not installed or is unable to be
used on your system (e.g., sometimes this means that shared libraries
that the component requires are unable to be found/loaded).  Note that
PMIx stopped checking at the first component that it did not find.

Host:      hyperion-020
Framework: psec
Component: munge
--------------------------------------------------------------------------
--------------------------------------------------------------------------
A requested component was not found, or was unable to be opened.  This
means that this component is either not installed or is unable to be
used on your system (e.g., sometimes this means that shared libraries
that the component requires are unable to be found/loaded).  Note that
PMIx stopped checking at the first component that it did not find.

Host:      hyperion-020
Framework: psec
Component: munge
--------------------------------------------------------------------------
--------------------------------------------------------------------------
A requested component was not found, or was unable to be opened.  This
means that this component is either not installed or is unable to be
used on your system (e.g., sometimes this means that shared libraries
that the component requires are unable to be found/loaded).  Note that
PMIx stopped checking at the first component that it did not find.

Host:      hyperion-020
Framework: psec
Component: munge
--------------------------------------------------------------------------
--------------------------------------------------------------------------
A requested component was not found, or was unable to be opened.  This
means that this component is either not installed or is unable to be
used on your system (e.g., sometimes this means that shared libraries
that the component requires are unable to be found/loaded).  Note that
PMIx stopped checking at the first component that it did not find.

Host:      hyperion-020
Framework: psec
Component: munge
--------------------------------------------------------------------------
--------------------------------------------------------------------------
A requested component was not found, or was unable to be opened.  This
means that this component is either not installed or is unable to be
used on your system (e.g., sometimes this means that shared libraries
that the component requires are unable to be found/loaded).  Note that
PMIx stopped checking at the first component that it did not find.

Host:      hyperion-020
Framework: psec
Component: munge
--------------------------------------------------------------------------
--------------------------------------------------------------------------
A requested component was not found, or was unable to be opened.  This
means that this component is either not installed or is unable to be
used on your system (e.g., sometimes this means that shared libraries
that the component requires are unable to be found/loaded).  Note that
PMIx stopped checking at the first component that it did not find.

Host:      hyperion-020
Framework: psec
Component: munge
--------------------------------------------------------------------------
mpi4py.futures._core.RemoteTraceback: 
### Worker 4 of 9 on hyperion-020
"""
Traceback (most recent call last):
  File "/home/grushin/.conda/envs/peru_env/lib/python3.14/site-packages/mpi4py/futures/_core.py", line 844, in call
    result = func(*args, **kwargs)
  File "adaptive_fig3D_cluster.py", line 30, in f
    return params_obs_3D(
        system_size=system_size,
    ...<10 lines>...
        beta=1,
    )
  File "/scratch/grushin/TAI-localizer/func_for_fig3D.py", line 95, in params_obs_3D
    idx_W.append(sign_det(L))
                 ~~~~~~~~^^^
  File "/scratch/grushin/TAI-localizer/src/tai_localiser/lauralizer/localizer.py", line 163, in sign_det
    return np.real(ctx.slogdet(matrix, ordering="scotch")[0])
                   ~~~~~~~~~~~^^^^^^^^^^^^^^^^^^^^^^^^^^^
  File "/home/grushin/.conda/envs/peru_env/lib/python3.14/site-packages/mumps/mumps.py", line 866, in slogdet
    self.factor(reuse_analysis=reuse_analysis, ordering=ordering)
    ~~~~~~~~~~~^^^^^^^^^^^^^^^^^^^^^^^^^^^^^^^^^^^^^^^^^^^^^^^^^^
  File "/home/grushin/.conda/envs/peru_env/lib/python3.14/site-packages/mumps/mumps.py", line 443, in factor
    self.analyze(ordering=ordering, overwrite_a=overwrite_a)
    ~~~~~~~~~~~~^^^^^^^^^^^^^^^^^^^^^^^^^^^^^^^^^^^^^^^^^^^^
  File "/home/grushin/.conda/envs/peru_env/lib/python3.14/site-packages/mumps/mumps.py", line 386, in analyze
    t = self.call()
  File "/home/grushin/.conda/envs/peru_env/lib/python3.14/site-packages/mumps/mumps.py", line 306, in call
    raise MUMPSError(self.mumps_instance.infog)
mumps.mumps.MUMPSError: MUMPS failed with error -16.
"""

The above exception was the direct cause of the following exception:

Traceback (most recent call last):
  File "/home/grushin/.conda/envs/peru_env/lib/python3.14/site-packages/adaptive/runner.py", line 251, in _process_futures
    y = fut.result()
mumps.mumps.MUMPSError: MUMPS failed with error U.

The above exception was the direct cause of the following exception:

Traceback (most recent call last):
  File "<frozen runpy>", line 198, in _run_module_as_main
  File "<frozen runpy>", line 88, in _run_code
  File "/home/grushin/.conda/envs/peru_env/lib/python3.14/site-packages/mpi4py/futures/__main__.py", line 76, in <module>
    main()
    ~~~~^^
  File "/home/grushin/.conda/envs/peru_env/lib/python3.14/site-packages/mpi4py/futures/__main__.py", line 61, in main
    run_command_line()
    ~~~~~~~~~~~~~~~~^^
  File "/home/grushin/.conda/envs/peru_env/lib/python3.14/site-packages/mpi4py/run.py", line 53, in run_command_line
    run_path(sys.argv[0], run_name="__main__")
    ~~~~~~~~^^^^^^^^^^^^^^^^^^^^^^^^^^^^^^^^^^
  File "<frozen runpy>", line 287, in run_path
  File "<frozen runpy>", line 98, in _run_module_code
  File "<frozen runpy>", line 88, in _run_code
  File "adaptive_fig3D_cluster.py", line 66, in <module>
    runner_dis.block_until_done()
    ~~~~~~~~~~~~~~~~~~~~~~~~~~~^^
  File "/home/grushin/.conda/envs/peru_env/lib/python3.14/site-packages/adaptive/runner.py", line 689, in block_until_done
    self.ioloop.run_until_complete(self.task)
    ~~~~~~~~~~~~~~~~~~~~~~~~~~~~~~^^^^^^^^^^^
  File "/home/grushin/.conda/envs/peru_env/lib/python3.14/asyncio/base_events.py", line 719, in run_until_complete
    return future.result()
           ~~~~~~~~~~~~~^^
  File "/home/grushin/.conda/envs/peru_env/lib/python3.14/site-packages/adaptive/runner.py", line 797, in _run
    self._process_futures(done)
    ~~~~~~~~~~~~~~~~~~~~~^^^^^^
  File "/home/grushin/.conda/envs/peru_env/lib/python3.14/site-packages/adaptive/runner.py", line 260, in _process_futures
    self._do_raise(e, pid)
    ~~~~~~~~~~~~~~^^^^^^^^
  File "/home/grushin/.conda/envs/peru_env/lib/python3.14/site-packages/adaptive/runner.py", line 194, in _do_raise
    raise RuntimeError(
    ...<3 lines>...
    ) from e
RuntimeError: An error occured while evaluating "learner.function((np.float64(2.6666666666666665), np.float64(4.0)))". See the traceback for details.:

mpi4py.futures._core.RemoteTraceback: 
### Worker 4 of 9 on hyperion-020
"""
Traceback (most recent call last):
  File "/home/grushin/.conda/envs/peru_env/lib/python3.14/site-packages/mpi4py/futures/_core.py", line 844, in call
    result = func(*args, **kwargs)
  File "adaptive_fig3D_cluster.py", line 30, in f
    return params_obs_3D(
        system_size=system_size,
    ...<10 lines>...
        beta=1,
    )
  File "/scratch/grushin/TAI-localizer/func_for_fig3D.py", line 95, in params_obs_3D
    idx_W.append(sign_det(L))
                 ~~~~~~~~^^^
  File "/scratch/grushin/TAI-localizer/src/tai_localiser/lauralizer/localizer.py", line 163, in sign_det
    return np.real(ctx.slogdet(matrix, ordering="scotch")[0])
                   ~~~~~~~~~~~^^^^^^^^^^^^^^^^^^^^^^^^^^^
  File "/home/grushin/.conda/envs/peru_env/lib/python3.14/site-packages/mumps/mumps.py", line 866, in slogdet
    self.factor(reuse_analysis=reuse_analysis, ordering=ordering)
    ~~~~~~~~~~~^^^^^^^^^^^^^^^^^^^^^^^^^^^^^^^^^^^^^^^^^^^^^^^^^^
  File "/home/grushin/.conda/envs/peru_env/lib/python3.14/site-packages/mumps/mumps.py", line 443, in factor
    self.analyze(ordering=ordering, overwrite_a=overwrite_a)
    ~~~~~~~~~~~~^^^^^^^^^^^^^^^^^^^^^^^^^^^^^^^^^^^^^^^^^^^^
  File "/home/grushin/.conda/envs/peru_env/lib/python3.14/site-packages/mumps/mumps.py", line 386, in analyze
    t = self.call()
  File "/home/grushin/.conda/envs/peru_env/lib/python3.14/site-packages/mumps/mumps.py", line 306, in call
    raise MUMPSError(self.mumps_instance.infog)
mumps.mumps.MUMPSError: MUMPS failed with error -16.
"""

The above exception was the direct cause of the following exception:

Traceback (most recent call last):
  File "/home/grushin/.conda/envs/peru_env/lib/python3.14/site-packages/adaptive/runner.py", line 251, in _process_futures
    y = fut.result()
mumps.mumps.MUMPSError: MUMPS failed with error U.

--------------------------------------------------------------------------
MPI_ABORT was invoked on rank 0 in communicator MPI_COMM_WORLD
  Proc: [[2232,1],0]
  Errorcode: 1

NOTE: invoking MPI_ABORT causes Open MPI to kill all MPI processes.
You may or may not see output from other processes, depending on
exactly when Open MPI kills them.
--------------------------------------------------------------------------
--------------------------------------------------------------------------
prterun has exited due to process rank 0 with PID 0 on node hyperion-019 calling
"abort". This may have caused other processes in the application to be
terminated by signals sent by prterun (as reported here).
--------------------------------------------------------------------------
 