mpi4py.futures._core.RemoteTraceback: 
### Worker 0 of 1 on cb01
"""
Traceback (most recent call last):
  File "/home/lgomez/miniconda3/envs/peru_env/lib/python3.14/site-packages/mpi4py/futures/_core.py", line 844, in call
    result = func(*args, **kwargs)
  File "adaptive_fig3D_cluster.py", line 50, in f
    return mumps_test(A=dis_MJ[0], B= dis_MJ[1])
  File "adaptive_fig3D_cluster.py", line 46, in mumps_test
    evals, evecs =sparse_diag(matrix, k=10, sigma=0)
                  ~~~~~~~~~~~^^^^^^^^^^^^^^^^^^^^^^^
  File "adaptive_fig3D_cluster.py", line 40, in sparse_diag
    opinv = LuInv(matrix - sigma * identity(matrix.shape[0]))
  File "adaptive_fig3D_cluster.py", line 32, in __init__
    inst.analyze(A, ordering='pord')
    ~~~~~~~~~~~~^^^^^^^^^^^^^^^^^^^^
  File "/home/lgomez/miniconda3/envs/peru_env/lib/python3.14/site-packages/mumps/mumps.py", line 386, in analyze
    t = self.call()
  File "/home/lgomez/miniconda3/envs/peru_env/lib/python3.14/site-packages/mumps/mumps.py", line 306, in call
    raise MUMPSError(self.mumps_instance.infog)
mumps.mumps.MUMPSError: MUMPS failed with error -16.
"""

The above exception was the direct cause of the following exception:

Traceback (most recent call last):
  File "/home/lgomez/miniconda3/envs/peru_env/lib/python3.14/site-packages/adaptive/runner.py", line 251, in _process_futures
    y = fut.result()
mumps.mumps.MUMPSError: MUMPS failed with error U.

The above exception was the direct cause of the following exception:

Traceback (most recent call last):
  File "<frozen runpy>", line 198, in _run_module_as_main
  File "<frozen runpy>", line 88, in _run_code
  File "/home/lgomez/miniconda3/envs/peru_env/lib/python3.14/site-packages/mpi4py/futures/__main__.py", line 76, in <module>
    main()
    ~~~~^^
  File "/home/lgomez/miniconda3/envs/peru_env/lib/python3.14/site-packages/mpi4py/futures/__main__.py", line 61, in main
    run_command_line()
    ~~~~~~~~~~~~~~~~^^
  File "/home/lgomez/miniconda3/envs/peru_env/lib/python3.14/site-packages/mpi4py/run.py", line 53, in run_command_line
    run_path(sys.argv[0], run_name="__main__")
    ~~~~~~~~^^^^^^^^^^^^^^^^^^^^^^^^^^^^^^^^^^
  File "<frozen runpy>", line 287, in run_path
  File "<frozen runpy>", line 98, in _run_module_code
  File "<frozen runpy>", line 88, in _run_code
  File "adaptive_fig3D_cluster.py", line 101, in <module>
    runner_dis.block_until_done()
    ~~~~~~~~~~~~~~~~~~~~~~~~~~~^^
  File "/home/lgomez/miniconda3/envs/peru_env/lib/python3.14/site-packages/adaptive/runner.py", line 689, in block_until_done
    self.ioloop.run_until_complete(self.task)
    ~~~~~~~~~~~~~~~~~~~~~~~~~~~~~~^^^^^^^^^^^
  File "/home/lgomez/miniconda3/envs/peru_env/lib/python3.14/asyncio/base_events.py", line 719, in run_until_complete
    return future.result()
           ~~~~~~~~~~~~~^^
  File "/home/lgomez/miniconda3/envs/peru_env/lib/python3.14/site-packages/adaptive/runner.py", line 797, in _run
    self._process_futures(done)
    ~~~~~~~~~~~~~~~~~~~~~^^^^^^
  File "/home/lgomez/miniconda3/envs/peru_env/lib/python3.14/site-packages/adaptive/runner.py", line 260, in _process_futures
    self._do_raise(e, pid)
    ~~~~~~~~~~~~~~^^^^^^^^
  File "/home/lgomez/miniconda3/envs/peru_env/lib/python3.14/site-packages/adaptive/runner.py", line 194, in _do_raise
    raise RuntimeError(
    ...<3 lines>...
    ) from e
RuntimeError: An error occured while evaluating "learner.function((2, 2))". See the traceback for details.:

mpi4py.futures._core.RemoteTraceback: 
### Worker 0 of 1 on cb01
"""
Traceback (most recent call last):
  File "/home/lgomez/miniconda3/envs/peru_env/lib/python3.14/site-packages/mpi4py/futures/_core.py", line 844, in call
    result = func(*args, **kwargs)
  File "adaptive_fig3D_cluster.py", line 50, in f
    return mumps_test(A=dis_MJ[0], B= dis_MJ[1])
  File "adaptive_fig3D_cluster.py", line 46, in mumps_test
    evals, evecs =sparse_diag(matrix, k=10, sigma=0)
                  ~~~~~~~~~~~^^^^^^^^^^^^^^^^^^^^^^^
  File "adaptive_fig3D_cluster.py", line 40, in sparse_diag
    opinv = LuInv(matrix - sigma * identity(matrix.shape[0]))
  File "adaptive_fig3D_cluster.py", line 32, in __init__
    inst.analyze(A, ordering='pord')
    ~~~~~~~~~~~~^^^^^^^^^^^^^^^^^^^^
  File "/home/lgomez/miniconda3/envs/peru_env/lib/python3.14/site-packages/mumps/mumps.py", line 386, in analyze
    t = self.call()
  File "/home/lgomez/miniconda3/envs/peru_env/lib/python3.14/site-packages/mumps/mumps.py", line 306, in call
    raise MUMPSError(self.mumps_instance.infog)
mumps.mumps.MUMPSError: MUMPS failed with error -16.
"""

The above exception was the direct cause of the following exception:

Traceback (most recent call last):
  File "/home/lgomez/miniconda3/envs/peru_env/lib/python3.14/site-packages/adaptive/runner.py", line 251, in _process_futures
    y = fut.result()
mumps.mumps.MUMPSError: MUMPS failed with error U.

--------------------------------------------------------------------------
MPI_ABORT was invoked on rank 0 in communicator MPI_COMM_WORLD
with errorcode 1.

NOTE: invoking MPI_ABORT causes Open MPI to kill all MPI processes.
You may or may not see output from other processes, depending on
exactly when Open MPI kills them.
--------------------------------------------------------------------------
